22:14:22.721 [main] INFO  resources.base - opening url
22:14:31.273 [main] INFO  resources.base - creating the landing page object and passing the driver as argument
22:14:31.274 [main] INFO  resources.base - Validating the title
22:14:31.274 [main] INFO  resources.base - Returning the header WebElement
22:14:31.319 [main] INFO  resources.base - Returning the header WebElement
22:14:31.715 [main] INFO  resources.base - quitting the driver
22:15:36.662 [main] INFO  Academy.Listeners - *** Test Suite basePageNavigation ending ***
22:15:36.669 [main] INFO  resources.base - initializing driver
22:15:36.670 [main] INFO  resources.base - fetching browser value
22:15:39.220 [main] INFO  resources.base - maximizing the window
22:15:39.284 [main] INFO  resources.base - opening url
22:15:43.247 [main] INFO  resources.base - creating the landing page object and passing the driver as argument
22:15:43.288 [main] INFO  resources.base - Validating the title
22:15:43.288 [main] INFO  resources.base - Returning the header WebElement
22:15:44.360 [main] INFO  resources.base - Returning the header WebElement
22:15:44.660 [main] INFO  Academy.Listeners - *** Test Suite basePageNavigation ending ***
22:15:44.660 [main] INFO  resources.base - initializing driver
22:15:44.661 [main] INFO  resources.base - fetching browser value
22:15:46.349 [main] INFO  resources.base - maximizing the window
22:15:46.349 [main] INFO  resources.base - opening url
22:16:47.331 [main] INFO  Academy.Listeners - *** Test Suite basePageNavigation ending ***
22:16:47.336 [main] INFO  resources.base - initializing driver
22:16:47.338 [main] INFO  resources.base - fetching browser value
22:16:50.166 [main] INFO  resources.base - maximizing the window
22:16:50.166 [main] INFO  resources.base - opening url
22:16:53.355 [main] INFO  resources.base - creating the landing page object and passing the driver as argument
22:16:53.405 [main] INFO  resources.base - Validating the title
22:16:53.406 [main] INFO  resources.base - Returning the header WebElement
22:16:54.415 [main] INFO  resources.base - Returning the header WebElement
22:16:54.716 [main] INFO  Academy.Listeners - *** Test Suite basePageNavigation ending ***
22:16:54.717 [main] INFO  resources.base - initializing driver
22:16:54.718 [main] INFO  resources.base - fetching browser value
22:16:57.328 [main] INFO  resources.base - maximizing the window
22:16:57.328 [main] INFO  resources.base - opening url
22:17:03.489 [main] INFO  resources.base - creating the landing page object and passing the driver as argument
22:17:03.490 [main] INFO  resources.base - Validating the title
22:17:03.491 [main] INFO  resources.base - Returning the header WebElement
22:21:15.287 [main] INFO  Academy.Listeners - *** Test Suite basePageNavigation ending ***
22:21:15.294 [main] INFO  resources.base - initializing driver
22:21:15.294 [main] INFO  resources.base - fetching browser value
22:21:18.504 [main] INFO  resources.base - maximizing the window
22:21:18.505 [main] INFO  resources.base - opening url
22:21:22.545 [main] INFO  resources.base - creating the landing page object and passing the driver as argument
22:21:22.586 [main] INFO  resources.base - Validating the title
22:21:22.586 [main] INFO  resources.base - Returning the header WebElement
22:21:22.633 [main] INFO  resources.base - Returning the header WebElement
22:21:22.900 [main] INFO  Academy.Listeners - *** Test Suite basePageNavigation ending ***
22:21:22.901 [main] INFO  resources.base - initializing driver
22:21:22.902 [main] INFO  resources.base - fetching browser value
22:21:27.711 [main] INFO  resources.base - maximizing the window
22:21:27.711 [main] INFO  resources.base - opening url
22:22:24.951 [main] INFO  Academy.Listeners - *** Test Suite basePageNavigation ending ***
22:22:24.957 [main] INFO  resources.base - initializing driver
22:22:24.958 [main] INFO  resources.base - fetching browser value
22:22:27.654 [main] INFO  resources.base - maximizing the window
22:22:27.654 [main] INFO  resources.base - opening url
22:22:32.199 [main] INFO  resources.base - creating the landing page object and passing the driver as argument
22:22:32.243 [main] INFO  resources.base - Validating the title
22:22:32.244 [main] INFO  resources.base - Returning the header WebElement
22:22:32.295 [main] INFO  resources.base - Returning the login WebElement
22:22:32.352 [main] INFO  resources.base - Returning the login WebElement
22:22:32.474 [main] INFO  resources.base - creating the login object and passing driver as argument
22:22:32.476 [main] INFO  resources.base - entering the username
22:22:32.476 [main] INFO  resources.base - Returning username WebElement
22:22:32.631 [main] INFO  resources.base - entering the password
22:22:32.631 [main] INFO  resources.base - Returning password WebElement
22:22:32.767 [main] INFO  resources.base - click on signin button
22:22:32.767 [main] INFO  resources.base - Clicking on Sign In button
22:22:33.524 [main] INFO  Academy.Listeners - *** Test Suite basePageNavigation ending ***
22:22:33.524 [main] INFO  resources.base - initializing driver
22:22:33.525 [main] INFO  resources.base - fetching browser value
22:22:35.566 [main] INFO  resources.base - maximizing the window
22:22:35.566 [main] INFO  resources.base - opening url
22:22:41.595 [main] INFO  resources.base - creating the landing page object and passing the driver as argument
22:22:41.595 [main] INFO  resources.base - Validating the title
22:22:41.596 [main] INFO  resources.base - Returning the header WebElement
22:22:41.633 [main] INFO  resources.base - Returning the login WebElement
22:22:41.680 [main] INFO  resources.base - Returning the login WebElement
22:22:41.800 [main] INFO  resources.base - creating the login object and passing driver as argument
22:22:41.800 [main] INFO  resources.base - entering the username
22:22:41.800 [main] INFO  resources.base - Returning username WebElement
22:22:41.955 [main] INFO  resources.base - entering the password
22:22:41.955 [main] INFO  resources.base - Returning password WebElement
22:22:42.074 [main] INFO  resources.base - click on signin button
22:22:42.074 [main] INFO  resources.base - Clicking on Sign In button
22:22:44.315 [main] INFO  resources.base - quitting the driver
