19:09:15.881 [main] TRACE io.netty.channel.nio.NioEventLoop - instrumented a special java.util.Set into: sun.nio.ch.WEPollSelectorImpl@64d4f7c7
19:09:15.924 [main] DEBUG io.netty.buffer.PooledByteBufAllocator - -Dio.netty.allocator.numHeapArenas: 8
19:09:15.924 [main] DEBUG io.netty.buffer.PooledByteBufAllocator - -Dio.netty.allocator.numDirectArenas: 8
19:09:15.924 [main] DEBUG io.netty.buffer.PooledByteBufAllocator - -Dio.netty.allocator.pageSize: 8192
19:09:15.924 [main] DEBUG io.netty.buffer.PooledByteBufAllocator - -Dio.netty.allocator.maxOrder: 9
19:09:15.925 [main] DEBUG io.netty.buffer.PooledByteBufAllocator - -Dio.netty.allocator.chunkSize: 4194304
19:09:15.925 [main] DEBUG io.netty.buffer.PooledByteBufAllocator - -Dio.netty.allocator.smallCacheSize: 256
19:09:15.925 [main] DEBUG io.netty.buffer.PooledByteBufAllocator - -Dio.netty.allocator.normalCacheSize: 64
19:09:15.925 [main] DEBUG io.netty.buffer.PooledByteBufAllocator - -Dio.netty.allocator.maxCachedBufferCapacity: 32768
19:09:15.925 [main] DEBUG io.netty.buffer.PooledByteBufAllocator - -Dio.netty.allocator.cacheTrimInterval: 8192
19:09:15.925 [main] DEBUG io.netty.buffer.PooledByteBufAllocator - -Dio.netty.allocator.cacheTrimIntervalMillis: 0
19:09:15.926 [main] DEBUG io.netty.buffer.PooledByteBufAllocator - -Dio.netty.allocator.useCacheForAllThreads: false
19:09:15.926 [main] DEBUG io.netty.buffer.PooledByteBufAllocator - -Dio.netty.allocator.maxCachedByteBuffersPerChunk: 1023
19:09:15.941 [main] DEBUG io.netty.buffer.ByteBufUtil - -Dio.netty.allocator.type: pooled
19:09:15.942 [main] DEBUG io.netty.buffer.ByteBufUtil - -Dio.netty.threadLocalDirectBufferSize: 0
19:09:15.942 [main] DEBUG io.netty.buffer.ByteBufUtil - -Dio.netty.maxThreadLocalCharBufferSize: 16384
19:09:20.277 [Forwarding newSession on session null to remote] DEBUG io.netty.channel.DefaultChannelId - -Dio.netty.processId: 3476 (auto-detected)
19:09:20.281 [Forwarding newSession on session null to remote] DEBUG io.netty.util.NetUtil - -Djava.net.preferIPv4Stack: false
19:09:20.281 [Forwarding newSession on session null to remote] DEBUG io.netty.util.NetUtil - -Djava.net.preferIPv6Addresses: false
19:09:20.294 [Forwarding newSession on session null to remote] DEBUG io.netty.util.NetUtilInitializations - Loopback interface: lo (Software Loopback Interface 1, 127.0.0.1)
19:09:20.295 [Forwarding newSession on session null to remote] DEBUG io.netty.util.NetUtil - Failed to get SOMAXCONN from sysctl and file \proc\sys\net\core\somaxconn. Default: 200
19:09:20.334 [Forwarding newSession on session null to remote] DEBUG io.netty.channel.DefaultChannelId - -Dio.netty.machineId: 44:1c:a8:ff:fe:63:3e:d5 (auto-detected)
19:09:20.394 [AsyncHttpClient-1-2] DEBUG io.netty.buffer.AbstractByteBuf - -Dio.netty.buffer.checkAccessible: true
19:09:20.394 [AsyncHttpClient-1-2] DEBUG io.netty.buffer.AbstractByteBuf - -Dio.netty.buffer.checkBounds: true
19:09:20.394 [AsyncHttpClient-1-2] DEBUG io.netty.util.ResourceLeakDetectorFactory - Loaded default ResourceLeakDetector: io.netty.util.ResourceLeakDetector@2cede89a
19:09:20.417 [AsyncHttpClient-1-2] DEBUG io.netty.util.Recycler - -Dio.netty.recycler.maxCapacityPerThread: 4096
19:09:20.417 [AsyncHttpClient-1-2] DEBUG io.netty.util.Recycler - -Dio.netty.recycler.ratio: 8
19:09:20.418 [AsyncHttpClient-1-2] DEBUG io.netty.util.Recycler - -Dio.netty.recycler.chunkSize: 32
19:09:20.418 [AsyncHttpClient-1-2] DEBUG io.netty.util.Recycler - -Dio.netty.recycler.blocking: false
19:09:28.975 [AsyncHttpClient-1-2] DEBUG io.netty.handler.codec.compression.Brotli - brotli4j not in the classpath; Brotli support will be unavailable.
19:09:29.517 [main] DEBUG io.netty.util.internal.ThreadLocalRandom - -Dio.netty.initialSeedUniquifier: 0xe78219d9708c0b2b
19:09:29.585 [main] INFO  resources.base - quitting the driver
19:14:19.383 [main] INFO  Academy.Listeners - *** Test Suite basePageNavigation ending ***
19:14:19.387 [main] INFO  resources.base - initializing driver
19:14:19.387 [main] INFO  resources.base - fetching browser value
19:14:22.961 [main] INFO  resources.base - maximizing the window
19:14:22.961 [main] INFO  resources.base - opening url
19:14:30.904 [main] INFO  resources.base - creating the landing page object and passing the driver as argument
19:14:42.008 [main] INFO  Academy.Listeners - *** Test Suite basePageNavigation ending ***
19:14:42.008 [main] INFO  resources.base - initializing driver
19:14:42.009 [main] INFO  resources.base - fetching browser value
19:14:44.451 [main] INFO  resources.base - maximizing the window
19:14:44.451 [main] INFO  resources.base - opening url
19:14:57.102 [main] INFO  resources.base - creating the landing page object and passing the driver as argument
19:15:07.720 [main] INFO  resources.base - quitting the driver
19:23:30.438 [main] INFO  Academy.Listeners - *** Test Suite basePageNavigation ending ***
19:23:30.444 [main] INFO  resources.base - initializing driver
19:23:30.445 [main] INFO  resources.base - fetching browser value
19:23:33.546 [main] INFO  resources.base - maximizing the window
19:23:33.549 [main] INFO  resources.base - opening url
19:23:38.569 [main] INFO  resources.base - creating the landing page object and passing the driver as argument
19:23:49.824 [main] INFO  Academy.Listeners - *** Test Suite basePageNavigation ending ***
19:23:49.826 [main] INFO  resources.base - initializing driver
19:23:49.829 [main] INFO  resources.base - fetching browser value
19:23:52.351 [main] INFO  resources.base - maximizing the window
19:23:52.351 [main] INFO  resources.base - opening url
19:23:56.068 [main] INFO  resources.base - creating the landing page object and passing the driver as argument
19:24:10.092 [main] INFO  resources.base - quitting the driver
19:46:25.770 [main] INFO  Academy.Listeners - *** Test Suite basePageNavigation ending ***
19:46:25.774 [main] INFO  resources.base - initializing driver
19:46:25.775 [main] INFO  resources.base - fetching browser value
19:46:29.174 [main] INFO  resources.base - maximizing the window
19:46:29.175 [main] INFO  resources.base - opening url
19:46:33.893 [main] INFO  resources.base - creating the landing page object and passing the driver as argument
19:46:44.369 [main] INFO  Academy.Listeners - *** Test Suite basePageNavigation ending ***
19:46:44.370 [main] INFO  resources.base - initializing driver
19:46:44.372 [main] INFO  resources.base - fetching browser value
19:46:45.989 [main] INFO  resources.base - maximizing the window
19:46:45.989 [main] INFO  resources.base - opening url
19:46:52.089 [main] INFO  resources.base - creating the landing page object and passing the driver as argument
19:47:02.474 [main] INFO  resources.base - quitting the driver
19:50:35.119 [main] INFO  Academy.Listeners - *** Test Suite basePageNavigation ending ***
19:50:35.126 [main] INFO  resources.base - initializing driver
19:50:35.127 [main] INFO  resources.base - fetching browser value
19:50:37.879 [main] INFO  resources.base - maximizing the window
19:50:37.880 [main] INFO  resources.base - opening url
19:50:42.279 [main] INFO  resources.base - creating the landing page object and passing the driver as argument
19:50:42.317 [main] INFO  resources.base - Validating the title
19:50:42.317 [main] INFO  resources.base - Returning the header WebElement
19:50:42.625 [main] INFO  Academy.Listeners - *** Test Suite basePageNavigation ending ***
19:50:42.625 [main] INFO  resources.base - initializing driver
19:50:42.626 [main] INFO  resources.base - fetching browser value
19:50:44.703 [main] INFO  resources.base - maximizing the window
19:50:44.703 [main] INFO  resources.base - opening url
19:50:53.761 [main] INFO  resources.base - creating the landing page object and passing the driver as argument
19:50:53.763 [main] INFO  resources.base - Validating the title
19:50:53.763 [main] INFO  resources.base - Returning the header WebElement
19:50:54.108 [main] INFO  resources.base - quitting the driver
22:13:08.140 [main] INFO  Academy.Listeners - *** Test Suite basePageNavigation ending ***
22:13:08.146 [main] INFO  resources.base - initializing driver
22:13:08.147 [main] INFO  resources.base - fetching browser value
22:13:12.352 [main] INFO  resources.base - maximizing the window
22:13:12.352 [main] INFO  resources.base - opening url
22:13:17.945 [main] INFO  resources.base - creating the landing page object and passing the driver as argument
22:13:17.980 [main] INFO  resources.base - Validating the title
22:13:17.980 [main] INFO  resources.base - Returning the header WebElement
22:13:18.025 [main] INFO  resources.base - Returning the header WebElement
22:13:18.305 [main] INFO  Academy.Listeners - *** Test Suite basePageNavigation ending ***
22:13:18.306 [main] INFO  resources.base - initializing driver
22:13:18.307 [main] INFO  resources.base - fetching browser value
22:13:21.778 [main] INFO  resources.base - maximizing the window
22:13:21.779 [main] INFO  resources.base - opening url
22:14:11.515 [main] INFO  Academy.Listeners - *** Test Suite basePageNavigation ending ***
22:14:11.522 [main] INFO  resources.base - initializing driver
22:14:11.523 [main] INFO  resources.base - fetching browser value
22:14:14.521 [main] INFO  resources.base - maximizing the window
22:14:14.522 [main] INFO  resources.base - opening url
22:14:18.661 [main] INFO  resources.base - creating the landing page object and passing the driver as argument
22:14:18.713 [main] INFO  resources.base - Validating the title
22:14:18.713 [main] INFO  resources.base - Returning the header WebElement
22:14:19.631 [main] INFO  resources.base - Returning the header WebElement
22:14:19.901 [main] INFO  Academy.Listeners - *** Test Suite basePageNavigation ending ***
22:14:19.903 [main] INFO  resources.base - initializing driver
22:14:19.904 [main] INFO  resources.base - fetching browser value
22:14:22.721 [main] INFO  resources.base - maximizing the window
